<?xml version="1.0" encoding="UTF-8"?>
<testsuite xmlns:xsi="http://www.w3.org/2001/XMLSchema-instance" xsi:noNamespaceSchemaLocation="https://maven.apache.org/surefire/maven-surefire-plugin/xsd/surefire-test-report-3.0.xsd" version="3.0" name="runners.TestRunner" time="58.96" tests="6" errors="0" skipped="0" failures="0">
  <properties>
[...]
</properties>
  <testcase name="runScenario[&quot;Test Valid Login&quot;, &quot;Login&quot;](1)" classname="runners.TestRunner" time="11.988">
    <system-err><![CDATA[SLF4J: Failed to load class "org.slf4j.impl.StaticLoggerBinder".
SLF4J: Defaulting to no-operation (NOP) logger implementation
SLF4J: See http://www.slf4j.org/codes.html#StaticLoggerBinder for further details.
Jul 02, 2024 1:30:54 PM io.appium.java_client.remote.AppiumCommandExecutor$1 lambda$0
INFO: Detected dialect: W3C
]]></system-err>
  </testcase>
  <testcase name="runScenario[&quot;Test logging without user name&quot;, &quot;Login&quot;](2)" classname="runners.TestRunner" time="8.326">
    <system-err><![CDATA[Jul 02, 2024 1:31:05 PM io.appium.java_client.remote.AppiumCommandExecutor$1 lambda$0
INFO: Detected dialect: W3C
]]></system-err>
  </testcase>
  <testcase name="runScenario[&quot;Test logging without password&quot;, &quot;Login&quot;](3)" classname="runners.TestRunner" time="8.469">
    <system-err><![CDATA[Jul 02, 2024 1:31:13 PM io.appium.java_client.remote.AppiumCommandExecutor$1 lambda$0
INFO: Detected dialect: W3C
]]></system-err>
  </testcase>
  <testcase name="runScenario[&quot;Test logging with invalid credentials&quot;, &quot;Login&quot;](4)" classname="runners.TestRunner" time="8.999">
    <system-err><![CDATA[Jul 02, 2024 1:31:22 PM io.appium.java_client.remote.AppiumCommandExecutor$1 lambda$0
INFO: Detected dialect: W3C
]]></system-err>
  </testcase>
  <testcase name="runScenario[&quot;Test logging with invalid credentials&quot;, &quot;Login&quot;](5)" classname="runners.TestRunner" time="10.129">
    <system-err><![CDATA[Jul 02, 2024 1:31:31 PM io.appium.java_client.remote.AppiumCommandExecutor$1 lambda$0
INFO: Detected dialect: W3C
]]></system-err>
  </testcase>
  <testcase name="runScenario[&quot;Test logging with invalid credentials&quot;, &quot;Login&quot;](6)" classname="runners.TestRunner" time="9.846">
    <system-err><![CDATA[Jul 02, 2024 1:31:41 PM io.appium.java_client.remote.AppiumCommandExecutor$1 lambda$0
INFO: Detected dialect: W3C
]]></system-err>
  </testcase>
</testsuite>